INFO:     Started server process [3194]
INFO:     Waiting for application startup.
INFO:apscheduler.scheduler:Adding job tentatively -- it will be properly scheduled when the scheduler starts
INFO:apscheduler.scheduler:Added job "check_and_run_repos" to job store "default"
INFO:apscheduler.scheduler:Scheduler started
INFO:AppManager:Scheduler started.
INFO:     Application startup complete.
INFO:     Uvicorn running on http://0.0.0.0:8000 (Press CTRL+C to quit)
INFO:     127.0.0.1:40200 - "GET / HTTP/1.1" 200 OK
INFO:     127.0.0.1:40200 - "POST /repos HTTP/1.1" 303 See Other
INFO:AppManager:Starting scheduled check for 1 repositories.
INFO:     127.0.0.1:40200 - "GET / HTTP/1.1" 200 OK
INFO:AppManager:Cloning example/test-frontend...
INFO:AppManager:Reporting new error for example/test-frontend to Jules...
ERROR:src.services.jules_service:No Jules API Key provided.
ERROR:AppManager:Failed to report to Jules: No API Key
INFO:     Shutting down
INFO:     Waiting for application shutdown.
INFO:apscheduler.scheduler:Scheduler has been shut down
INFO:     Application shutdown complete.
INFO:     Finished server process [3194]
